[2020-02-20T22:17:10.586] [DEBUG] cheese - login => username:zs,password:123456
[2020-02-20T22:17:10.587] [DEBUG] cheese - zs
[2020-02-20T22:17:10.599] [DEBUG] cheese - null
[2020-02-20T22:17:10.600] [DEBUG] cheese - null
[2020-02-20T22:17:53.882] [DEBUG] cheese - login => username:admin,password:123456
[2020-02-20T22:17:53.883] [DEBUG] cheese - admin
[2020-02-20T22:17:53.889] [DEBUG] cheese - null
[2020-02-20T22:17:53.890] [DEBUG] cheese - null
[2020-02-20T22:26:34.634] [DEBUG] cheese - login => username:admin,password:123456
[2020-02-20T22:26:34.635] [DEBUG] cheese - admin
[2020-02-20T22:26:34.651] [DEBUG] cheese - null
[2020-02-20T22:26:34.651] [DEBUG] cheese - null
[2020-02-21T15:28:14.026] [DEBUG] cheese - login => username:admin,password:123456
[2020-02-21T15:28:14.029] [DEBUG] cheese - admin
[2020-02-21T15:28:14.120] [DEBUG] cheese - null
[2020-02-21T15:28:14.124] [DEBUG] cheese - null
[2020-02-21T15:34:31.659] [DEBUG] cheese - login => username:dsfsdfdsg,password:sfsdgsgdfgdfs
[2020-02-21T15:34:31.659] [DEBUG] cheese - dsfsdfdsg
[2020-02-21T15:34:31.665] [DEBUG] cheese - null
[2020-02-21T15:34:31.665] [DEBUG] cheese - null
[2020-02-21T15:34:33.028] [DEBUG] cheese - login => username:dsfsdfdsg,password:sfsdgsgdfgdfs
[2020-02-21T15:34:33.028] [DEBUG] cheese - dsfsdfdsg
[2020-02-21T15:34:33.030] [DEBUG] cheese - null
[2020-02-21T15:34:33.034] [DEBUG] cheese - null
[2020-02-21T15:35:01.987] [DEBUG] cheese - login => username:sdfdsfsd,password:gsdgagdfsdfasgfs
[2020-02-21T15:35:01.988] [DEBUG] cheese - sdfdsfsd
[2020-02-21T15:35:01.990] [DEBUG] cheese - null
[2020-02-21T15:35:01.990] [DEBUG] cheese - null
[2020-02-21T15:35:02.591] [DEBUG] cheese - login => username:sdfdsfsd,password:gsdgagdfsdfasgfs
[2020-02-21T15:35:02.591] [DEBUG] cheese - sdfdsfsd
[2020-02-21T15:35:02.594] [DEBUG] cheese - null
[2020-02-21T15:35:02.594] [DEBUG] cheese - null
[2020-02-21T15:35:02.774] [DEBUG] cheese - login => username:sdfdsfsd,password:gsdgagdfsdfasgfs
[2020-02-21T15:35:02.775] [DEBUG] cheese - sdfdsfsd
[2020-02-21T15:35:02.778] [DEBUG] cheese - null
[2020-02-21T15:35:02.778] [DEBUG] cheese - null
[2020-02-21T15:35:02.927] [DEBUG] cheese - login => username:sdfdsfsd,password:gsdgagdfsdfasgfs
[2020-02-21T15:35:02.927] [DEBUG] cheese - sdfdsfsd
[2020-02-21T15:35:02.930] [DEBUG] cheese - null
[2020-02-21T15:35:02.931] [DEBUG] cheese - null
[2020-02-21T15:35:03.070] [DEBUG] cheese - login => username:sdfdsfsd,password:gsdgagdfsdfasgfs
[2020-02-21T15:35:03.070] [DEBUG] cheese - sdfdsfsd
[2020-02-21T15:35:03.072] [DEBUG] cheese - null
[2020-02-21T15:35:03.072] [DEBUG] cheese - null
[2020-02-21T15:35:03.216] [DEBUG] cheese - login => username:sdfdsfsd,password:gsdgagdfsdfasgfs
[2020-02-21T15:35:03.216] [DEBUG] cheese - sdfdsfsd
[2020-02-21T15:35:03.221] [DEBUG] cheese - null
[2020-02-21T15:35:03.221] [DEBUG] cheese - null
[2020-02-21T15:35:16.835] [DEBUG] cheese - login => username:dsfsdfd,password:fsdfsfds
[2020-02-21T15:35:16.835] [DEBUG] cheese - dsfsdfd
[2020-02-21T15:35:16.839] [DEBUG] cheese - null
[2020-02-21T15:35:16.839] [DEBUG] cheese - null
[2020-02-21T15:36:37.699] [DEBUG] cheese - login => username:adsafa,password:asfddsfsdg
[2020-02-21T15:36:37.700] [DEBUG] cheese - adsafa
[2020-02-21T15:36:37.703] [DEBUG] cheese - null
[2020-02-21T15:36:37.704] [DEBUG] cheese - null
[2020-02-21T15:37:09.412] [DEBUG] cheese - login => username:sdfsadf,password:sdfsdfafd
[2020-02-21T15:37:09.413] [DEBUG] cheese - sdfsadf
[2020-02-21T15:37:09.416] [DEBUG] cheese - null
[2020-02-21T15:37:09.416] [DEBUG] cheese - null
[2020-02-21T15:42:59.670] [DEBUG] cheese - login => username:admin,password:123456
[2020-02-21T15:42:59.670] [DEBUG] cheese - admin
[2020-02-21T15:42:59.674] [DEBUG] cheese - null
[2020-02-21T15:42:59.674] [DEBUG] cheese - null
[2020-02-21T15:50:09.153] [DEBUG] cheese - login => username:admin,password:123456
[2020-02-21T15:50:09.153] [DEBUG] cheese - admin
[2020-02-21T15:50:09.158] [DEBUG] cheese - null
[2020-02-21T15:50:09.158] [DEBUG] cheese - null
[2020-02-21T15:53:16.668] [DEBUG] cheese - login => username:admin,password:123456
[2020-02-21T15:53:16.668] [DEBUG] cheese - admin
[2020-02-21T15:53:16.673] [DEBUG] cheese - null
[2020-02-21T15:53:16.674] [DEBUG] cheese - null
[2020-02-21T15:54:23.165] [DEBUG] cheese - login => username:admin,password:123456
[2020-02-21T15:54:23.165] [DEBUG] cheese - admin
[2020-02-21T15:54:23.168] [DEBUG] cheese - null
[2020-02-21T15:54:23.168] [DEBUG] cheese - null
[2020-02-21T16:40:37.818] [DEBUG] cheese - login => username:admin,password:123456
[2020-02-21T16:40:37.819] [DEBUG] cheese - admin
[2020-02-21T16:40:37.835] [DEBUG] cheese - null
[2020-02-21T16:40:37.835] [DEBUG] cheese - null
[2020-02-21T16:41:33.199] [DEBUG] cheese - login => username:admin,password:123456
[2020-02-21T16:41:33.199] [DEBUG] cheese - admin
[2020-02-21T16:41:33.203] [DEBUG] cheese - null
[2020-02-21T16:41:33.203] [DEBUG] cheese - null
[2020-02-21T16:43:00.478] [DEBUG] cheese - login => username:admin,password:123456
[2020-02-21T16:43:00.478] [DEBUG] cheese - admin
[2020-02-21T16:43:00.483] [DEBUG] cheese - null
[2020-02-21T16:43:00.483] [DEBUG] cheese - null
[2020-02-21T17:33:31.974] [DEBUG] cheese - login => username:admin,password:123456
[2020-02-21T17:33:31.975] [DEBUG] cheese - admin
[2020-02-21T17:33:31.983] [DEBUG] cheese - null
[2020-02-21T17:33:31.983] [DEBUG] cheese - null
[2020-02-21T17:36:13.169] [DEBUG] cheese - login => username:admin,password:123456
[2020-02-21T17:36:13.169] [DEBUG] cheese - admin
[2020-02-21T17:36:13.173] [DEBUG] cheese - null
[2020-02-21T17:36:13.173] [DEBUG] cheese - null
[2020-02-21T21:26:11.307] [DEBUG] cheese - login => username:admin,password:123456
[2020-02-21T21:26:11.307] [DEBUG] cheese - admin
[2020-02-21T21:26:11.316] [DEBUG] cheese - null
[2020-02-21T21:26:11.316] [DEBUG] cheese - null
[2020-02-22T11:43:13.428] [DEBUG] cheese - login => username:admin,password:123456
[2020-02-22T11:43:13.431] [DEBUG] cheese - admin
[2020-02-22T11:43:13.454] [DEBUG] cheese - null
[2020-02-22T11:43:13.456] [DEBUG] cheese - null
[2020-02-22T16:59:00.428] [DEBUG] cheese - login => username:admin,password:123456
[2020-02-22T16:59:00.429] [DEBUG] cheese - admin
[2020-02-22T16:59:00.433] [DEBUG] cheese - null
[2020-02-22T16:59:00.433] [DEBUG] cheese - null
[2020-02-22T20:15:42.075] [DEBUG] cheese - null
[2020-02-22T20:17:57.406] [DEBUG] cheese - null
[2020-02-22T20:18:50.109] [DEBUG] cheese - null
[2020-02-22T20:23:51.895] [DEBUG] cheese - null
[2020-02-22T20:23:54.754] [DEBUG] cheese - null
[2020-02-23T12:20:28.805] [DEBUG] cheese - login => username:admin,password:123456
[2020-02-23T12:20:28.808] [DEBUG] cheese - admin
[2020-02-23T12:20:28.832] [DEBUG] cheese - null
[2020-02-23T12:20:28.834] [DEBUG] cheese - null
[2020-02-23T14:20:30.216] [DEBUG] cheese - login => username:admin,password:123456
[2020-02-23T14:20:30.217] [DEBUG] cheese - admin
[2020-02-23T14:20:30.235] [DEBUG] cheese - null
[2020-02-23T14:20:30.235] [DEBUG] cheese - null
[2020-02-23T16:21:34.314] [DEBUG] cheese - login => username:admin,password:123456
[2020-02-23T16:21:34.317] [DEBUG] cheese - admin
[2020-02-23T16:21:34.322] [DEBUG] cheese - null
[2020-02-23T16:21:34.323] [DEBUG] cheese - null
[2020-02-23T16:47:30.257] [DEBUG] cheese - login => username:admin,password:123456
[2020-02-23T16:47:30.258] [DEBUG] cheese - admin
[2020-02-23T16:47:30.262] [DEBUG] cheese - null
[2020-02-23T16:47:30.263] [DEBUG] cheese - null
[2020-02-23T19:20:12.554] [DEBUG] cheese - login => username:admin,password:123456
[2020-02-23T19:20:12.556] [DEBUG] cheese - admin
[2020-02-23T19:20:12.560] [DEBUG] cheese - null
[2020-02-23T19:20:12.561] [DEBUG] cheese - null
[2020-02-23T20:21:08.927] [DEBUG] cheese - login => username:admin,password:123456
[2020-02-23T20:21:08.928] [DEBUG] cheese - admin
[2020-02-23T20:21:08.944] [DEBUG] cheese - null
[2020-02-23T20:21:08.945] [DEBUG] cheese - null
[2020-02-23T20:22:49.744] [DEBUG] cheese - login => username:admin,password:123456
[2020-02-23T20:22:49.744] [DEBUG] cheese - admin
[2020-02-23T20:22:49.750] [DEBUG] cheese - null
[2020-02-23T20:22:49.750] [DEBUG] cheese - null
[2020-02-23T20:43:33.133] [DEBUG] cheese - null
[2020-02-23T20:45:20.246] [DEBUG] cheese - null
[2020-02-23T20:45:22.814] [DEBUG] cheese - null
[2020-02-23T20:45:26.411] [DEBUG] cheese - null
[2020-02-27T11:34:53.892] [DEBUG] cheese - login => username:admin,password:123456
[2020-02-27T11:34:53.895] [DEBUG] cheese - admin
[2020-02-27T11:34:53.917] [DEBUG] cheese - null
[2020-02-27T11:34:53.918] [DEBUG] cheese - null
[2020-02-27T17:47:08.465] [DEBUG] cheese - login => username:admin,password:123456
[2020-02-27T17:47:08.467] [DEBUG] cheese - admin
[2020-02-27T17:47:08.475] [DEBUG] cheese - null
[2020-02-27T17:47:08.475] [DEBUG] cheese - null
[2020-02-27T20:07:11.294] [DEBUG] cheese - login => username:admin,password:123456
[2020-02-27T20:07:11.297] [DEBUG] cheese - admin
[2020-02-27T20:07:11.303] [DEBUG] cheese - null
[2020-02-27T20:07:11.304] [DEBUG] cheese - null
[2020-02-28T11:41:09.943] [DEBUG] cheese - login => username:admin,password:123456
[2020-02-28T11:41:09.944] [DEBUG] cheese - admin
[2020-02-28T11:41:09.967] [DEBUG] cheese - null
[2020-02-28T11:41:09.968] [DEBUG] cheese - null
[2020-02-28T11:42:13.964] [DEBUG] cheese - null
[2020-02-28T11:42:19.565] [DEBUG] cheese - null
[2020-02-28T16:24:44.608] [DEBUG] cheese - login => username:admin,password:123456
[2020-02-28T16:24:44.610] [DEBUG] cheese - admin
[2020-02-28T16:24:44.618] [DEBUG] cheese - null
[2020-02-28T16:24:44.620] [DEBUG] cheese - null
[2020-02-28T21:34:18.255] [DEBUG] cheese - login => username:admin,password:123456
[2020-02-28T21:34:18.257] [DEBUG] cheese - admin
[2020-02-28T21:34:18.266] [DEBUG] cheese - null
[2020-02-28T21:34:18.267] [DEBUG] cheese - null
[2020-02-29T15:01:58.743] [DEBUG] cheese - login => username:admin,password:123456
[2020-02-29T15:01:58.746] [DEBUG] cheese - admin
[2020-02-29T15:01:58.771] [DEBUG] cheese - null
[2020-02-29T15:01:58.772] [DEBUG] cheese - null
[2020-02-29T16:35:59.292] [DEBUG] cheese - null
[2020-02-29T21:19:00.792] [DEBUG] cheese - login => username:admin,password:123456
[2020-02-29T21:19:00.795] [DEBUG] cheese - admin
[2020-02-29T21:19:00.816] [DEBUG] cheese - null
[2020-02-29T21:19:00.817] [DEBUG] cheese - null
[2020-02-29T21:47:46.542] [DEBUG] cheese - login => username:admin,password:123456
[2020-02-29T21:47:46.544] [DEBUG] cheese - admin
[2020-02-29T21:47:46.553] [DEBUG] cheese - null
[2020-02-29T21:47:46.554] [DEBUG] cheese - null
[2020-02-29T22:08:16.640] [DEBUG] cheese - login => username:admin,password:123456
[2020-02-29T22:08:16.640] [DEBUG] cheese - admin
[2020-02-29T22:08:16.648] [DEBUG] cheese - null
[2020-02-29T22:08:16.649] [DEBUG] cheese - null
[2020-02-29T22:23:29.386] [DEBUG] cheese - login => username:admin,password:123456
[2020-02-29T22:23:29.386] [DEBUG] cheese - admin
[2020-02-29T22:23:29.390] [DEBUG] cheese - null
[2020-02-29T22:23:29.390] [DEBUG] cheese - null
[2020-02-29T22:28:15.889] [DEBUG] cheese - login => username:admin,password:123456
[2020-02-29T22:28:15.892] [DEBUG] cheese - admin
[2020-02-29T22:28:15.901] [DEBUG] cheese - null
[2020-02-29T22:28:15.902] [DEBUG] cheese - null
[2020-03-01T10:12:33.096] [DEBUG] cheese - login => username:admin,password:123456
[2020-03-01T10:12:33.100] [DEBUG] cheese - admin
[2020-03-01T10:12:33.119] [DEBUG] cheese - null
[2020-03-01T10:12:33.120] [DEBUG] cheese - null
[2020-03-01T10:25:54.826] [DEBUG] cheese - login => username:admin,password:123456
[2020-03-01T10:25:54.826] [DEBUG] cheese - admin
[2020-03-01T10:25:54.829] [DEBUG] cheese - null
[2020-03-01T10:25:54.830] [DEBUG] cheese - null
[2020-03-01T15:12:50.024] [DEBUG] cheese - login => username:admin,password:123456
[2020-03-01T15:12:50.026] [DEBUG] cheese - admin
[2020-03-01T15:12:50.031] [DEBUG] cheese - null
[2020-03-01T15:12:50.032] [DEBUG] cheese - null
[2020-03-01T15:51:52.273] [DEBUG] cheese - login => username:admin,password:123456
[2020-03-01T15:51:52.273] [DEBUG] cheese - admin
[2020-03-01T15:51:52.282] [DEBUG] cheese - null
[2020-03-01T15:51:52.283] [DEBUG] cheese - null
[2020-03-01T16:01:03.817] [DEBUG] cheese - login => username:admin,password:123456
[2020-03-01T16:01:03.818] [DEBUG] cheese - admin
[2020-03-01T16:01:03.821] [DEBUG] cheese - null
[2020-03-01T16:01:03.821] [DEBUG] cheese - null
[2020-03-01T16:03:13.199] [DEBUG] cheese - login => username:admin,password:123456
[2020-03-01T16:03:13.199] [DEBUG] cheese - admin
[2020-03-01T16:03:13.206] [DEBUG] cheese - null
[2020-03-01T16:03:13.207] [DEBUG] cheese - null
[2020-03-01T16:47:29.804] [DEBUG] cheese - login => username:admin,password:123456
[2020-03-01T16:47:29.807] [DEBUG] cheese - admin
[2020-03-01T16:47:29.811] [DEBUG] cheese - null
[2020-03-01T16:47:29.812] [DEBUG] cheese - null
[2020-03-01T17:07:48.078] [DEBUG] cheese - login => username:admin,password:123456
[2020-03-01T17:07:48.078] [DEBUG] cheese - admin
[2020-03-01T17:07:48.082] [DEBUG] cheese - null
[2020-03-01T17:07:48.083] [DEBUG] cheese - null
[2020-03-01T17:08:08.088] [DEBUG] cheese - login => username:admin,password:123456
[2020-03-01T17:08:08.088] [DEBUG] cheese - admin
[2020-03-01T17:08:08.098] [DEBUG] cheese - null
[2020-03-01T17:08:08.098] [DEBUG] cheese - null
[2020-03-01T17:17:50.589] [DEBUG] cheese - login => username:admin,password:123456
[2020-03-01T17:17:50.590] [DEBUG] cheese - admin
[2020-03-01T17:17:50.592] [DEBUG] cheese - null
[2020-03-01T17:17:50.592] [DEBUG] cheese - null
[2020-03-01T17:19:33.757] [DEBUG] cheese - login => username:admin,password:123456
[2020-03-01T17:19:33.757] [DEBUG] cheese - admin
[2020-03-01T17:19:33.766] [DEBUG] cheese - null
[2020-03-01T17:19:33.766] [DEBUG] cheese - null
[2020-03-01T17:30:26.159] [DEBUG] cheese - login => username:admin,password:123456
[2020-03-01T17:30:26.159] [DEBUG] cheese - admin
[2020-03-01T17:30:26.162] [DEBUG] cheese - null
[2020-03-01T17:30:26.162] [DEBUG] cheese - null
[2020-03-01T17:32:09.106] [DEBUG] cheese - login => username:admin,password:123456
[2020-03-01T17:32:09.106] [DEBUG] cheese - admin
[2020-03-01T17:32:09.112] [DEBUG] cheese - null
[2020-03-01T17:32:09.112] [DEBUG] cheese - null
[2020-03-01T17:32:25.098] [DEBUG] cheese - login => username:admin,password:123456
[2020-03-01T17:32:25.098] [DEBUG] cheese - admin
[2020-03-01T17:32:25.101] [DEBUG] cheese - null
[2020-03-01T17:32:25.101] [DEBUG] cheese - null
[2020-03-01T17:39:16.172] [DEBUG] cheese - login => username:admin,password:123456
[2020-03-01T17:39:16.173] [DEBUG] cheese - admin
[2020-03-01T17:39:16.177] [DEBUG] cheese - null
[2020-03-01T17:39:16.177] [DEBUG] cheese - null
[2020-03-01T18:58:38.262] [DEBUG] cheese - login => username:admin,password:123456
[2020-03-01T18:58:38.264] [DEBUG] cheese - admin
[2020-03-01T18:58:38.271] [DEBUG] cheese - null
[2020-03-01T18:58:38.273] [DEBUG] cheese - null
[2020-03-01T19:30:46.149] [DEBUG] cheese - login => username:admin,password:123456
[2020-03-01T19:30:46.152] [DEBUG] cheese - admin
[2020-03-01T19:30:46.159] [DEBUG] cheese - null
[2020-03-01T19:30:46.160] [DEBUG] cheese - null
[2020-03-01T19:31:17.457] [DEBUG] cheese - login => username:admin,password:123456
[2020-03-01T19:31:17.457] [DEBUG] cheese - admin
[2020-03-01T19:31:17.465] [DEBUG] cheese - null
[2020-03-01T19:31:17.465] [DEBUG] cheese - null
[2020-03-01T19:40:41.814] [DEBUG] cheese - login => username:admin,password:123456
[2020-03-01T19:40:41.817] [DEBUG] cheese - admin
[2020-03-01T19:40:41.823] [DEBUG] cheese - null
[2020-03-01T19:40:41.824] [DEBUG] cheese - null
[2020-03-01T19:44:26.741] [DEBUG] cheese - login => username:admin,password:123456
[2020-03-01T19:44:26.743] [DEBUG] cheese - admin
[2020-03-01T19:44:26.761] [DEBUG] cheese - null
[2020-03-01T19:44:26.762] [DEBUG] cheese - null
[2020-03-01T19:55:14.578] [DEBUG] cheese - login => username:admin,password:123456
[2020-03-01T19:55:14.580] [DEBUG] cheese - admin
[2020-03-01T19:55:14.586] [DEBUG] cheese - null
[2020-03-01T19:55:14.586] [DEBUG] cheese - null
[2020-03-01T20:05:37.499] [DEBUG] cheese - login => username:admin,password:123456
[2020-03-01T20:05:37.502] [DEBUG] cheese - admin
[2020-03-01T20:05:37.507] [DEBUG] cheese - null
[2020-03-01T20:05:37.508] [DEBUG] cheese - null
[2020-03-01T20:06:12.623] [DEBUG] cheese - null
[2020-03-02T12:01:58.171] [DEBUG] cheese - login => username:admin,password:123456
[2020-03-02T12:01:58.175] [DEBUG] cheese - admin
[2020-03-02T12:01:58.202] [DEBUG] cheese - null
[2020-03-02T12:01:58.202] [DEBUG] cheese - null
[2020-03-02T12:02:17.293] [DEBUG] cheese - login => username:admin,password:123456
[2020-03-02T12:02:17.293] [DEBUG] cheese - admin
[2020-03-02T12:02:17.299] [DEBUG] cheese - null
[2020-03-02T12:02:17.299] [DEBUG] cheese - null
[2020-03-02T12:03:31.430] [DEBUG] cheese - null
[2020-03-09T17:16:44.427] [DEBUG] cheese - login => username:admin,password:123456
[2020-03-09T17:16:44.428] [DEBUG] cheese - admin
[2020-03-09T17:16:44.491] [DEBUG] cheese - null
[2020-03-09T17:16:44.492] [DEBUG] cheese - null
[2020-03-11T20:24:47.922] [DEBUG] cheese - login => username:admin,password:123456
[2020-03-11T20:24:47.925] [DEBUG] cheese - admin
[2020-03-11T20:24:47.997] [DEBUG] cheese - null
[2020-03-11T20:24:47.998] [DEBUG] cheese - null
[2020-03-11T20:26:05.758] [DEBUG] cheese - login => username:admin,password:123456
[2020-03-11T20:26:05.758] [DEBUG] cheese - admin
[2020-03-11T20:26:05.766] [DEBUG] cheese - null
[2020-03-11T20:26:05.766] [DEBUG] cheese - null
[2020-03-11T20:26:16.803] [DEBUG] cheese - login => username:admin,password:123456
[2020-03-11T20:26:16.803] [DEBUG] cheese - admin
[2020-03-11T20:26:16.807] [DEBUG] cheese - null
[2020-03-11T20:26:16.807] [DEBUG] cheese - null
[2020-03-11T20:55:53.353] [DEBUG] cheese - null
[2020-03-11T20:56:07.929] [DEBUG] cheese - null
[2020-03-11T20:56:21.353] [DEBUG] cheese - null
[2020-03-11T21:59:12.871] [DEBUG] cheese - login => username:admin,password:123456
[2020-03-11T21:59:12.874] [DEBUG] cheese - admin
[2020-03-11T21:59:12.901] [DEBUG] cheese - null
[2020-03-11T21:59:12.902] [DEBUG] cheese - null
[2020-03-11T22:00:04.853] [DEBUG] cheese - login => username:admin,password:123456
[2020-03-11T22:00:04.853] [DEBUG] cheese - admin
[2020-03-11T22:00:04.860] [DEBUG] cheese - null
[2020-03-11T22:00:04.860] [DEBUG] cheese - null
[2020-03-20T14:55:44.049] [DEBUG] cheese - login => username:admin,password:123456
[2020-03-20T14:55:44.052] [DEBUG] cheese - admin
[2020-03-20T14:55:44.192] [DEBUG] cheese - null
[2020-03-20T14:55:44.192] [DEBUG] cheese - null
[2020-03-25T10:30:44.285] [DEBUG] cheese - login => username:admin,password:123456
[2020-03-25T10:30:44.289] [DEBUG] cheese - admin
[2020-03-25T10:30:44.362] [DEBUG] cheese - null
[2020-03-25T10:30:44.363] [DEBUG] cheese - null
[2020-03-25T15:25:09.486] [DEBUG] cheese - login => username:admin,password:123456
[2020-03-25T15:25:09.490] [DEBUG] cheese - admin
[2020-03-25T15:25:09.500] [DEBUG] cheese - null
[2020-03-25T15:25:09.501] [DEBUG] cheese - null
[2020-03-26T08:53:59.719] [DEBUG] cheese - login => username:admin,password:123456
[2020-03-26T08:53:59.721] [DEBUG] cheese - admin
[2020-03-26T08:53:59.752] [DEBUG] cheese - null
[2020-03-26T08:53:59.753] [DEBUG] cheese - null
[2020-03-26T19:01:58.962] [DEBUG] cheese - login => username:admin,password:123456
[2020-03-26T19:01:58.966] [DEBUG] cheese - admin
[2020-03-26T19:01:58.993] [DEBUG] cheese - null
[2020-03-26T19:01:58.994] [DEBUG] cheese - null
[2020-03-27T19:50:22.581] [DEBUG] cheese - login => username:admin,password:123456
[2020-03-27T19:50:22.582] [DEBUG] cheese - admin
[2020-03-27T19:50:22.612] [DEBUG] cheese - null
[2020-03-27T19:50:22.613] [DEBUG] cheese - null
[2020-03-27T19:51:24.498] [DEBUG] cheese - login => username:admin,password:123456
[2020-03-27T19:51:24.499] [DEBUG] cheese - admin
[2020-03-27T19:51:24.504] [DEBUG] cheese - null
[2020-03-27T19:51:24.504] [DEBUG] cheese - null
[2020-03-28T09:33:52.182] [DEBUG] cheese - login => username:admin,password:123456
[2020-03-28T09:33:52.184] [DEBUG] cheese - admin
[2020-03-28T09:33:52.204] [DEBUG] cheese - null
[2020-03-28T09:33:52.205] [DEBUG] cheese - null
[2020-03-29T15:20:53.076] [DEBUG] cheese - login => username:admin,password:123456
[2020-03-29T15:20:53.078] [DEBUG] cheese - admin
[2020-03-29T15:20:53.101] [DEBUG] cheese - null
[2020-03-29T15:20:53.102] [DEBUG] cheese - null
[2020-03-29T20:55:12.210] [DEBUG] cheese - login => username:admin,password:123456
[2020-03-29T20:55:12.213] [DEBUG] cheese - admin
[2020-03-29T20:55:12.361] [DEBUG] cheese - null
[2020-03-29T20:55:12.361] [DEBUG] cheese - null
[2020-03-30T20:09:19.277] [DEBUG] cheese - login => username:admin,password:123456
[2020-03-30T20:09:19.280] [DEBUG] cheese - admin
[2020-03-30T20:09:19.346] [DEBUG] cheese - null
[2020-03-30T20:09:19.347] [DEBUG] cheese - null
[2020-03-30T20:09:24.515] [DEBUG] cheese - login => username:admin,password:123456
[2020-03-30T20:09:24.515] [DEBUG] cheese - admin
[2020-03-30T20:09:24.523] [DEBUG] cheese - null
[2020-03-30T20:09:24.523] [DEBUG] cheese - null
[2020-03-30T20:14:15.765] [DEBUG] cheese - login => username:admin,password:123456
[2020-03-30T20:14:15.765] [DEBUG] cheese - admin
[2020-03-30T20:14:15.776] [DEBUG] cheese - null
[2020-03-30T20:14:15.776] [DEBUG] cheese - null
[2020-03-30T20:14:22.744] [DEBUG] cheese - login => username:admin,password:123456
[2020-03-30T20:14:22.744] [DEBUG] cheese - admin
[2020-03-30T20:14:22.755] [DEBUG] cheese - null
[2020-03-30T20:14:22.755] [DEBUG] cheese - null
[2020-03-30T20:17:28.018] [DEBUG] cheese - login => username:admin,password:123456
[2020-03-30T20:17:28.018] [DEBUG] cheese - admin
[2020-03-30T20:17:28.023] [DEBUG] cheese - null
[2020-03-30T20:17:28.023] [DEBUG] cheese - null
[2020-03-30T20:17:58.034] [DEBUG] cheese - login => username:admin,password:123456
[2020-03-30T20:17:58.034] [DEBUG] cheese - admin
[2020-03-30T20:17:58.051] [DEBUG] cheese - null
[2020-03-30T20:17:58.052] [DEBUG] cheese - null
[2020-03-30T20:18:18.429] [DEBUG] cheese - login => username:admin,password:123456
[2020-03-30T20:18:18.430] [DEBUG] cheese - admin
[2020-03-30T20:18:18.439] [DEBUG] cheese - null
[2020-03-30T20:18:18.440] [DEBUG] cheese - null
[2020-03-30T20:18:49.475] [DEBUG] cheese - login => username:admin,password:123456
[2020-03-30T20:18:49.475] [DEBUG] cheese - admin
[2020-03-30T20:18:49.485] [DEBUG] cheese - null
[2020-03-30T20:18:49.485] [DEBUG] cheese - null
[2020-03-30T20:19:06.566] [DEBUG] cheese - login => username:admin,password:123456
[2020-03-30T20:19:06.566] [DEBUG] cheese - admin
[2020-03-30T20:19:06.575] [DEBUG] cheese - null
[2020-03-30T20:19:06.576] [DEBUG] cheese - null
[2020-03-30T20:22:12.615] [DEBUG] cheese - login => username:admin,password:123456
[2020-03-30T20:22:12.616] [DEBUG] cheese - admin
[2020-03-30T20:22:12.632] [DEBUG] cheese - null
[2020-03-30T20:22:12.632] [DEBUG] cheese - null
[2020-03-30T20:22:16.675] [DEBUG] cheese - login => username:admin,password:123456
[2020-03-30T20:22:16.675] [DEBUG] cheese - admin
[2020-03-30T20:22:16.680] [DEBUG] cheese - null
[2020-03-30T20:22:16.680] [DEBUG] cheese - null
[2020-03-30T20:24:32.454] [DEBUG] cheese - login => username:admin,password:123456
[2020-03-30T20:24:32.455] [DEBUG] cheese - admin
[2020-03-30T20:24:32.464] [DEBUG] cheese - null
[2020-03-30T20:24:32.465] [DEBUG] cheese - null
[2020-03-30T20:24:35.575] [DEBUG] cheese - login => username:admin,password:123456
[2020-03-30T20:24:35.575] [DEBUG] cheese - admin
[2020-03-30T20:24:35.580] [DEBUG] cheese - null
[2020-03-30T20:24:35.580] [DEBUG] cheese - null
[2020-03-30T20:25:02.193] [DEBUG] cheese - login => username:admin,password:123456
[2020-03-30T20:25:02.193] [DEBUG] cheese - admin
[2020-03-30T20:25:02.198] [DEBUG] cheese - null
[2020-03-30T20:25:02.198] [DEBUG] cheese - null
[2020-03-30T20:25:20.930] [DEBUG] cheese - login => username:admin,password:123456
[2020-03-30T20:25:20.931] [DEBUG] cheese - admin
[2020-03-30T20:25:20.939] [DEBUG] cheese - null
[2020-03-30T20:25:20.940] [DEBUG] cheese - null
[2020-03-30T20:26:05.899] [DEBUG] cheese - login => username:admin,password:123456
[2020-03-30T20:26:05.899] [DEBUG] cheese - admin
[2020-03-30T20:26:05.908] [DEBUG] cheese - null
[2020-03-30T20:26:05.908] [DEBUG] cheese - null
[2020-03-30T20:29:18.530] [DEBUG] cheese - login => username:admin,password:123456
[2020-03-30T20:29:18.530] [DEBUG] cheese - admin
[2020-03-30T20:29:18.538] [DEBUG] cheese - null
[2020-03-30T20:29:18.538] [DEBUG] cheese - null
[2020-03-30T20:29:24.204] [DEBUG] cheese - login => username:admin,password:123456
[2020-03-30T20:29:24.204] [DEBUG] cheese - admin
[2020-03-30T20:29:24.214] [DEBUG] cheese - null
[2020-03-30T20:29:24.214] [DEBUG] cheese - null
[2020-03-30T20:29:55.834] [DEBUG] cheese - login => username:admin,password:123456
[2020-03-30T20:29:55.835] [DEBUG] cheese - admin
[2020-03-30T20:29:55.842] [DEBUG] cheese - null
[2020-03-30T20:29:55.842] [DEBUG] cheese - null
[2020-03-30T20:32:38.237] [DEBUG] cheese - login => username:admin,password:123456
[2020-03-30T20:32:38.237] [DEBUG] cheese - admin
[2020-03-30T20:32:38.245] [DEBUG] cheese - null
[2020-03-30T20:32:38.245] [DEBUG] cheese - null
[2020-03-30T20:36:58.703] [DEBUG] cheese - login => username:admin,password:123456
[2020-03-30T20:36:58.703] [DEBUG] cheese - admin
[2020-03-30T20:36:58.712] [DEBUG] cheese - null
[2020-03-30T20:36:58.712] [DEBUG] cheese - null
[2020-03-30T20:37:37.396] [DEBUG] cheese - login => username:admin,password:123456
[2020-03-30T20:37:37.396] [DEBUG] cheese - admin
[2020-03-30T20:37:37.401] [DEBUG] cheese - null
[2020-03-30T20:37:37.401] [DEBUG] cheese - null
[2020-03-30T20:41:25.420] [DEBUG] cheese - login => username:admin,password:123456
[2020-03-30T20:41:25.422] [DEBUG] cheese - admin
[2020-03-30T20:41:25.432] [DEBUG] cheese - null
[2020-03-30T20:41:25.433] [DEBUG] cheese - null
[2020-03-30T20:42:03.021] [DEBUG] cheese - login => username:admin,password:123456
[2020-03-30T20:42:03.022] [DEBUG] cheese - admin
[2020-03-30T20:42:03.031] [DEBUG] cheese - null
[2020-03-30T20:42:03.031] [DEBUG] cheese - null
[2020-03-30T20:44:06.228] [DEBUG] cheese - login => username:admin,password:123456
[2020-03-30T20:44:06.228] [DEBUG] cheese - admin
[2020-03-30T20:44:06.236] [DEBUG] cheese - null
[2020-03-30T20:44:06.237] [DEBUG] cheese - null
[2020-03-30T20:46:12.348] [DEBUG] cheese - login => username:admin,password:123456
[2020-03-30T20:46:12.348] [DEBUG] cheese - admin
[2020-03-30T20:46:12.354] [DEBUG] cheese - null
[2020-03-30T20:46:12.354] [DEBUG] cheese - null
[2020-03-30T20:46:45.317] [DEBUG] cheese - login => username:admin,password:123456
[2020-03-30T20:46:45.318] [DEBUG] cheese - admin
[2020-03-30T20:46:45.349] [DEBUG] cheese - null
[2020-03-30T20:46:45.350] [DEBUG] cheese - null
[2020-03-30T20:50:18.638] [DEBUG] cheese - login => username:admin,password:123456
[2020-03-30T20:50:18.638] [DEBUG] cheese - admin
[2020-03-30T20:50:18.642] [DEBUG] cheese - null
[2020-03-30T20:50:18.644] [DEBUG] cheese - null
[2020-03-30T20:50:51.951] [DEBUG] cheese - login => username:admin,password:123456
[2020-03-30T20:50:51.951] [DEBUG] cheese - admin
[2020-03-30T20:50:51.962] [DEBUG] cheese - null
[2020-03-30T20:50:51.962] [DEBUG] cheese - null
[2020-03-30T20:51:46.171] [DEBUG] cheese - login => username:admin,password:123456
[2020-03-30T20:51:46.171] [DEBUG] cheese - admin
[2020-03-30T20:51:46.181] [DEBUG] cheese - null
[2020-03-30T20:51:46.181] [DEBUG] cheese - null
[2020-03-30T20:53:35.891] [DEBUG] cheese - login => username:admin,password:123456
[2020-03-30T20:53:35.891] [DEBUG] cheese - admin
[2020-03-30T20:53:35.914] [DEBUG] cheese - null
[2020-03-30T20:53:35.914] [DEBUG] cheese - null
[2020-03-30T21:00:13.216] [DEBUG] cheese - login => username:admin,password:123456
[2020-03-30T21:00:13.216] [DEBUG] cheese - admin
[2020-03-30T21:00:13.223] [DEBUG] cheese - null
[2020-03-30T21:00:13.223] [DEBUG] cheese - null
[2020-03-30T21:02:21.359] [DEBUG] cheese - login => username:admin,password:123456
[2020-03-30T21:02:21.359] [DEBUG] cheese - admin
[2020-03-30T21:02:21.379] [DEBUG] cheese - null
[2020-03-30T21:02:21.379] [DEBUG] cheese - null
[2020-03-30T21:02:40.123] [DEBUG] cheese - login => username:admin,password:123456
[2020-03-30T21:02:40.123] [DEBUG] cheese - admin
[2020-03-30T21:02:40.130] [DEBUG] cheese - null
[2020-03-30T21:02:40.131] [DEBUG] cheese - null
[2020-03-30T21:03:39.896] [DEBUG] cheese - login => username:admin,password:123456
[2020-03-30T21:03:39.897] [DEBUG] cheese - admin
[2020-03-30T21:03:39.905] [DEBUG] cheese - null
[2020-03-30T21:03:39.905] [DEBUG] cheese - null
[2020-03-30T21:07:41.196] [DEBUG] cheese - login => username:admin,password:123456
[2020-03-30T21:07:41.197] [DEBUG] cheese - admin
[2020-03-30T21:07:41.204] [DEBUG] cheese - null
[2020-03-30T21:07:41.204] [DEBUG] cheese - null
[2020-03-30T21:08:41.717] [DEBUG] cheese - login => username:admin,password:123456
[2020-03-30T21:08:41.717] [DEBUG] cheese - admin
[2020-03-30T21:08:41.725] [DEBUG] cheese - null
[2020-03-30T21:08:41.725] [DEBUG] cheese - null
[2020-03-30T21:09:18.077] [DEBUG] cheese - login => username:admin,password:123456
[2020-03-30T21:09:18.077] [DEBUG] cheese - admin
[2020-03-30T21:09:18.082] [DEBUG] cheese - null
[2020-03-30T21:09:18.082] [DEBUG] cheese - null
[2020-03-30T21:10:10.426] [DEBUG] cheese - login => username:admin,password:123456
[2020-03-30T21:10:10.426] [DEBUG] cheese - admin
[2020-03-30T21:10:10.433] [DEBUG] cheese - null
[2020-03-30T21:10:10.433] [DEBUG] cheese - null
[2020-03-30T21:10:49.686] [DEBUG] cheese - login => username:admin,password:123456
[2020-03-30T21:10:49.686] [DEBUG] cheese - admin
[2020-03-30T21:10:49.703] [DEBUG] cheese - null
[2020-03-30T21:10:49.704] [DEBUG] cheese - null
[2020-03-30T21:12:36.571] [DEBUG] cheese - login => username:admin,password:123456
[2020-03-30T21:12:36.571] [DEBUG] cheese - admin
[2020-03-30T21:12:36.584] [DEBUG] cheese - null
[2020-03-30T21:12:36.585] [DEBUG] cheese - null
[2020-03-30T21:13:37.621] [DEBUG] cheese - login => username:admin,password:123456
[2020-03-30T21:13:37.621] [DEBUG] cheese - admin
[2020-03-30T21:13:37.627] [DEBUG] cheese - null
[2020-03-30T21:13:37.627] [DEBUG] cheese - null
[2020-03-30T21:14:57.329] [DEBUG] cheese - login => username:admin,password:123456
[2020-03-30T21:14:57.329] [DEBUG] cheese - admin
[2020-03-30T21:14:57.349] [DEBUG] cheese - null
[2020-03-30T21:14:57.349] [DEBUG] cheese - null
[2020-03-30T21:15:33.672] [DEBUG] cheese - login => username:admin,password:123456
[2020-03-30T21:15:33.672] [DEBUG] cheese - admin
[2020-03-30T21:15:33.678] [DEBUG] cheese - null
[2020-03-30T21:15:33.678] [DEBUG] cheese - null
[2020-03-30T21:15:39.007] [DEBUG] cheese - login => username:admin,password:123456
[2020-03-30T21:15:39.007] [DEBUG] cheese - admin
[2020-03-30T21:15:39.017] [DEBUG] cheese - null
[2020-03-30T21:15:39.017] [DEBUG] cheese - null
[2020-03-30T21:20:51.436] [DEBUG] cheese - login => username:admin,password:123456
[2020-03-30T21:20:51.437] [DEBUG] cheese - admin
[2020-03-30T21:20:51.444] [DEBUG] cheese - null
[2020-03-30T21:20:51.444] [DEBUG] cheese - null
[2020-03-30T21:22:35.448] [DEBUG] cheese - login => username:admin,password:123456
[2020-03-30T21:22:35.448] [DEBUG] cheese - admin
[2020-03-30T21:22:35.454] [DEBUG] cheese - null
[2020-03-30T21:22:35.455] [DEBUG] cheese - null
[2020-03-30T21:26:12.852] [DEBUG] cheese - login => username:admin,password:123456
[2020-03-30T21:26:12.852] [DEBUG] cheese - admin
[2020-03-30T21:26:12.857] [DEBUG] cheese - null
[2020-03-30T21:26:12.858] [DEBUG] cheese - null
[2020-03-30T21:30:14.039] [DEBUG] cheese - login => username:admin,password:123456
[2020-03-30T21:30:14.039] [DEBUG] cheese - admin
[2020-03-30T21:30:14.046] [DEBUG] cheese - null
[2020-03-30T21:30:14.046] [DEBUG] cheese - null
[2020-03-30T21:30:43.690] [DEBUG] cheese - login => username:admin,password:123456
[2020-03-30T21:30:43.690] [DEBUG] cheese - admin
[2020-03-30T21:30:43.696] [DEBUG] cheese - null
[2020-03-30T21:30:43.697] [DEBUG] cheese - null
[2020-03-30T21:34:32.333] [DEBUG] cheese - login => username:admin,password:123456
[2020-03-30T21:34:32.333] [DEBUG] cheese - admin
[2020-03-30T21:34:32.364] [DEBUG] cheese - null
[2020-03-30T21:34:32.364] [DEBUG] cheese - null
[2020-03-30T21:37:39.037] [DEBUG] cheese - login => username:admin,password:123456
[2020-03-30T21:37:39.037] [DEBUG] cheese - admin
[2020-03-30T21:37:39.075] [DEBUG] cheese - null
[2020-03-30T21:37:39.075] [DEBUG] cheese - null
[2020-03-30T21:40:20.230] [DEBUG] cheese - login => username:admin,password:123456
[2020-03-30T21:40:20.230] [DEBUG] cheese - admin
[2020-03-30T21:40:20.236] [DEBUG] cheese - null
[2020-03-30T21:40:20.236] [DEBUG] cheese - null
[2020-03-30T21:43:29.989] [DEBUG] cheese - login => username:admin,password:123456
[2020-03-30T21:43:29.989] [DEBUG] cheese - admin
[2020-03-30T21:43:29.992] [DEBUG] cheese - null
[2020-03-30T21:43:29.992] [DEBUG] cheese - null
[2020-03-30T21:44:27.254] [DEBUG] cheese - login => username:admin,password:123456
[2020-03-30T21:44:27.254] [DEBUG] cheese - admin
[2020-03-30T21:44:27.261] [DEBUG] cheese - null
[2020-03-30T21:44:27.261] [DEBUG] cheese - null
[2020-03-30T21:44:36.628] [DEBUG] cheese - login => username:admin,password:123456
[2020-03-30T21:44:36.629] [DEBUG] cheese - admin
[2020-03-30T21:44:36.636] [DEBUG] cheese - null
[2020-03-30T21:44:36.636] [DEBUG] cheese - null
[2020-03-30T21:50:44.268] [DEBUG] cheese - login => username:admin,password:123456
[2020-03-30T21:50:44.269] [DEBUG] cheese - admin
[2020-03-30T21:50:44.280] [DEBUG] cheese - null
[2020-03-30T21:50:44.280] [DEBUG] cheese - null
[2020-03-30T21:50:48.096] [DEBUG] cheese - login => username:admin,password:123456
[2020-03-30T21:50:48.096] [DEBUG] cheese - admin
[2020-03-30T21:50:48.142] [DEBUG] cheese - null
[2020-03-30T21:50:48.143] [DEBUG] cheese - null
[2020-03-30T21:50:53.000] [DEBUG] cheese - null
[2020-03-30T21:51:10.924] [DEBUG] cheese - null
[2020-03-30T21:52:34.996] [DEBUG] cheese - login => username:admin,password:123456
[2020-03-30T21:52:34.996] [DEBUG] cheese - admin
[2020-03-30T21:52:35.010] [DEBUG] cheese - null
[2020-03-30T21:52:35.010] [DEBUG] cheese - null
[2020-03-30T21:52:39.399] [DEBUG] cheese - null
[2020-03-30T21:52:49.888] [DEBUG] cheese - null
[2020-03-30T21:53:32.064] [DEBUG] cheese - login => username:admin,password:123456
[2020-03-30T21:53:32.064] [DEBUG] cheese - admin
[2020-03-30T21:53:32.070] [DEBUG] cheese - null
[2020-03-30T21:53:32.070] [DEBUG] cheese - null
[2020-03-30T21:53:37.932] [DEBUG] cheese - null
[2020-03-30T21:53:53.532] [DEBUG] cheese - login => username:admin,password:123456
[2020-03-30T21:53:53.532] [DEBUG] cheese - admin
[2020-03-30T21:53:53.547] [DEBUG] cheese - null
[2020-03-30T21:53:53.547] [DEBUG] cheese - null
[2020-03-30T21:53:57.369] [DEBUG] cheese - null
[2020-03-30T21:56:14.782] [DEBUG] cheese - login => username:admin,password:123456
[2020-03-30T21:56:14.783] [DEBUG] cheese - admin
[2020-03-30T21:56:14.790] [DEBUG] cheese - null
[2020-03-30T21:56:14.791] [DEBUG] cheese - null
[2020-03-30T21:56:46.795] [DEBUG] cheese - login => username:admin,password:123456
[2020-03-30T21:56:46.795] [DEBUG] cheese - admin
[2020-03-30T21:56:46.809] [DEBUG] cheese - null
[2020-03-30T21:56:46.809] [DEBUG] cheese - null
[2020-03-30T21:56:50.611] [DEBUG] cheese - null
[2020-03-30T22:02:08.272] [DEBUG] cheese - login => username:admin,password:123456
[2020-03-30T22:02:08.272] [DEBUG] cheese - admin
[2020-03-30T22:02:08.281] [DEBUG] cheese - null
[2020-03-30T22:02:08.281] [DEBUG] cheese - null
[2020-03-30T22:02:36.790] [DEBUG] cheese - login => username:admin,password:123456
[2020-03-30T22:02:36.790] [DEBUG] cheese - admin
[2020-03-30T22:02:36.804] [DEBUG] cheese - null
[2020-03-30T22:02:36.804] [DEBUG] cheese - null
[2020-03-30T22:02:39.701] [DEBUG] cheese - login => username:admin,password:123456
[2020-03-30T22:02:39.701] [DEBUG] cheese - admin
[2020-03-30T22:02:39.711] [DEBUG] cheese - null
[2020-03-30T22:02:39.711] [DEBUG] cheese - null
[2020-03-30T22:03:03.927] [DEBUG] cheese - login => username:admin,password:123456
[2020-03-30T22:03:03.927] [DEBUG] cheese - admin
[2020-03-30T22:03:03.944] [DEBUG] cheese - null
[2020-03-30T22:03:03.944] [DEBUG] cheese - null
[2020-03-30T22:03:06.342] [DEBUG] cheese - login => username:admin,password:123456
[2020-03-30T22:03:06.342] [DEBUG] cheese - admin
[2020-03-30T22:03:06.360] [DEBUG] cheese - null
[2020-03-30T22:03:06.360] [DEBUG] cheese - null
[2020-03-30T22:06:10.724] [DEBUG] cheese - login => username:admin,password:123456
[2020-03-30T22:06:10.725] [DEBUG] cheese - admin
[2020-03-30T22:06:10.741] [DEBUG] cheese - null
[2020-03-30T22:06:10.741] [DEBUG] cheese - null
[2020-03-30T22:10:07.946] [DEBUG] cheese - login => username:admin,password:123456
[2020-03-30T22:10:07.946] [DEBUG] cheese - admin
[2020-03-30T22:10:07.954] [DEBUG] cheese - null
[2020-03-30T22:10:07.954] [DEBUG] cheese - null
[2020-03-30T22:10:10.065] [DEBUG] cheese - login => username:admin,password:123456
[2020-03-30T22:10:10.065] [DEBUG] cheese - admin
[2020-03-30T22:10:10.168] [DEBUG] cheese - null
[2020-03-30T22:10:10.168] [DEBUG] cheese - null
[2020-03-30T22:11:53.637] [DEBUG] cheese - login => username:admin,password:123456
[2020-03-30T22:11:53.637] [DEBUG] cheese - admin
[2020-03-30T22:11:53.642] [DEBUG] cheese - null
[2020-03-30T22:11:53.642] [DEBUG] cheese - null
[2020-03-30T22:15:51.068] [DEBUG] cheese - login => username:admin,password:123456
[2020-03-30T22:15:51.068] [DEBUG] cheese - admin
[2020-03-30T22:15:51.072] [DEBUG] cheese - null
[2020-03-30T22:15:51.072] [DEBUG] cheese - null
[2020-03-30T22:16:15.469] [DEBUG] cheese - login => username:admin,password:123456
[2020-03-30T22:16:15.469] [DEBUG] cheese - admin
[2020-03-30T22:16:15.530] [DEBUG] cheese - null
[2020-03-30T22:16:15.530] [DEBUG] cheese - null
[2020-03-30T22:16:17.058] [DEBUG] cheese - login => username:admin,password:123456
[2020-03-30T22:16:17.058] [DEBUG] cheese - admin
[2020-03-30T22:16:17.062] [DEBUG] cheese - null
[2020-03-30T22:16:17.062] [DEBUG] cheese - null
[2020-03-30T22:16:40.161] [DEBUG] cheese - login => username:admin,password:123456
[2020-03-30T22:16:40.161] [DEBUG] cheese - admin
[2020-03-30T22:16:40.187] [DEBUG] cheese - null
[2020-03-30T22:16:40.187] [DEBUG] cheese - null
[2020-03-30T22:17:37.139] [DEBUG] cheese - login => username:admin,password:123456
[2020-03-30T22:17:37.139] [DEBUG] cheese - admin
[2020-03-30T22:17:37.163] [DEBUG] cheese - null
[2020-03-30T22:17:37.163] [DEBUG] cheese - null
[2020-03-30T22:18:00.824] [DEBUG] cheese - login => username:admin,password:123456
[2020-03-30T22:18:00.825] [DEBUG] cheese - admin
[2020-03-30T22:18:00.851] [DEBUG] cheese - null
[2020-03-30T22:18:00.851] [DEBUG] cheese - null
[2020-03-30T22:20:00.450] [DEBUG] cheese - login => username:admin,password:123456
[2020-03-30T22:20:00.450] [DEBUG] cheese - admin
[2020-03-30T22:20:00.464] [DEBUG] cheese - null
[2020-03-30T22:20:00.464] [DEBUG] cheese - null
[2020-03-30T22:22:09.330] [DEBUG] cheese - login => username:admin,password:123456
[2020-03-30T22:22:09.330] [DEBUG] cheese - admin
[2020-03-30T22:22:09.345] [DEBUG] cheese - null
[2020-03-30T22:22:09.345] [DEBUG] cheese - null
[2020-03-30T22:22:36.941] [DEBUG] cheese - login => username:admin,password:123456
[2020-03-30T22:22:36.941] [DEBUG] cheese - admin
[2020-03-30T22:22:37.074] [DEBUG] cheese - null
[2020-03-30T22:22:37.074] [DEBUG] cheese - null
[2020-03-30T22:28:56.374] [DEBUG] cheese - login => username:admin,password:123456
[2020-03-30T22:28:56.374] [DEBUG] cheese - admin
[2020-03-30T22:28:56.386] [DEBUG] cheese - null
[2020-03-30T22:28:56.386] [DEBUG] cheese - null
[2020-03-30T22:31:09.381] [DEBUG] cheese - login => username:admin,password:123456
[2020-03-30T22:31:09.381] [DEBUG] cheese - admin
[2020-03-30T22:31:09.389] [DEBUG] cheese - null
[2020-03-30T22:31:09.389] [DEBUG] cheese - null
[2020-03-30T22:31:19.375] [DEBUG] cheese - login => username:admin,password:123456
[2020-03-30T22:31:19.375] [DEBUG] cheese - admin
[2020-03-30T22:31:19.385] [DEBUG] cheese - null
[2020-03-30T22:31:19.386] [DEBUG] cheese - null
[2020-03-30T22:31:36.344] [DEBUG] cheese - login => username:admin,password:123456
[2020-03-30T22:31:36.344] [DEBUG] cheese - admin
[2020-03-30T22:31:36.355] [DEBUG] cheese - null
[2020-03-30T22:31:36.355] [DEBUG] cheese - null
[2020-03-30T22:36:01.398] [DEBUG] cheese - login => username:admin,password:123456
[2020-03-30T22:36:01.398] [DEBUG] cheese - admin
[2020-03-30T22:36:01.410] [DEBUG] cheese - null
[2020-03-30T22:36:01.410] [DEBUG] cheese - null
[2020-03-30T22:36:22.138] [DEBUG] cheese - login => username:admin,password:123456
[2020-03-30T22:36:22.138] [DEBUG] cheese - admin
[2020-03-30T22:36:22.145] [DEBUG] cheese - null
[2020-03-30T22:36:22.145] [DEBUG] cheese - null
[2020-03-30T22:38:41.010] [DEBUG] cheese - login => username:admin,password:123456
[2020-03-30T22:38:41.010] [DEBUG] cheese - admin
[2020-03-30T22:38:41.028] [DEBUG] cheese - null
[2020-03-30T22:38:41.028] [DEBUG] cheese - null
[2020-03-30T22:39:01.558] [DEBUG] cheese - login => username:admin,password:123456
[2020-03-30T22:39:01.559] [DEBUG] cheese - admin
[2020-03-30T22:39:01.583] [DEBUG] cheese - null
[2020-03-30T22:39:01.583] [DEBUG] cheese - null
[2020-03-30T22:46:02.481] [DEBUG] cheese - login => username:admin,password:123456
[2020-03-30T22:46:02.482] [DEBUG] cheese - admin
[2020-03-30T22:46:02.485] [DEBUG] cheese - null
[2020-03-30T22:46:02.485] [DEBUG] cheese - null
[2020-03-30T22:46:21.931] [DEBUG] cheese - login => username:admin,password:123456
[2020-03-30T22:46:21.931] [DEBUG] cheese - admin
[2020-03-30T22:46:21.956] [DEBUG] cheese - null
[2020-03-30T22:46:21.956] [DEBUG] cheese - null
[2020-03-30T22:46:35.981] [DEBUG] cheese - login => username:admin,password:123456
[2020-03-30T22:46:35.981] [DEBUG] cheese - admin
[2020-03-30T22:46:35.986] [DEBUG] cheese - null
[2020-03-30T22:46:35.986] [DEBUG] cheese - null
[2020-03-30T22:49:52.948] [DEBUG] cheese - login => username:admin,password:123456
[2020-03-30T22:49:52.948] [DEBUG] cheese - admin
[2020-03-30T22:49:52.953] [DEBUG] cheese - null
[2020-03-30T22:49:52.953] [DEBUG] cheese - null
[2020-03-30T22:50:13.536] [DEBUG] cheese - login => username:admin,password:123456
[2020-03-30T22:50:13.536] [DEBUG] cheese - admin
[2020-03-30T22:50:13.556] [DEBUG] cheese - null
[2020-03-30T22:50:13.556] [DEBUG] cheese - null
[2020-03-30T22:54:14.682] [DEBUG] cheese - login => username:admin,password:123456
[2020-03-30T22:54:14.683] [DEBUG] cheese - admin
[2020-03-30T22:54:14.696] [DEBUG] cheese - null
[2020-03-30T22:54:14.696] [DEBUG] cheese - null
[2020-03-30T22:54:48.286] [DEBUG] cheese - login => username:admin,password:123456
[2020-03-30T22:54:48.286] [DEBUG] cheese - admin
[2020-03-30T22:54:48.302] [DEBUG] cheese - null
[2020-03-30T22:54:48.302] [DEBUG] cheese - null
[2020-03-30T22:55:01.299] [DEBUG] cheese - login => username:admin,password:123456
[2020-03-30T22:55:01.300] [DEBUG] cheese - admin
[2020-03-30T22:55:01.311] [DEBUG] cheese - null
[2020-03-30T22:55:01.311] [DEBUG] cheese - null
[2020-03-30T23:00:32.451] [DEBUG] cheese - login => username:admin,password:123456
[2020-03-30T23:00:32.451] [DEBUG] cheese - admin
[2020-03-30T23:00:32.456] [DEBUG] cheese - null
[2020-03-30T23:00:32.456] [DEBUG] cheese - null
[2020-03-30T23:00:37.774] [DEBUG] cheese - login => username:admin,password:123456
[2020-03-30T23:00:37.774] [DEBUG] cheese - admin
[2020-03-30T23:00:37.785] [DEBUG] cheese - null
[2020-03-30T23:00:37.785] [DEBUG] cheese - null
[2020-03-30T23:00:51.646] [DEBUG] cheese - login => username:admin,password:123456
[2020-03-30T23:00:51.646] [DEBUG] cheese - admin
[2020-03-30T23:00:51.662] [DEBUG] cheese - null
[2020-03-30T23:00:51.663] [DEBUG] cheese - null
[2020-03-31T16:41:29.236] [DEBUG] cheese - login => username:admin,password:123456
[2020-03-31T16:41:29.239] [DEBUG] cheese - admin
[2020-03-31T16:41:29.256] [DEBUG] cheese - null
[2020-03-31T16:41:29.257] [DEBUG] cheese - null
[2020-03-31T16:41:34.085] [DEBUG] cheese - login => username:admin,password:123456
[2020-03-31T16:41:34.085] [DEBUG] cheese - admin
[2020-03-31T16:41:34.093] [DEBUG] cheese - null
[2020-03-31T16:41:34.094] [DEBUG] cheese - null
[2020-03-31T16:41:35.502] [DEBUG] cheese - login => username:admin,password:123456
[2020-03-31T16:41:35.502] [DEBUG] cheese - admin
[2020-03-31T16:41:35.514] [DEBUG] cheese - null
[2020-03-31T16:41:35.514] [DEBUG] cheese - null
[2020-03-31T16:41:52.324] [DEBUG] cheese - login => username:admin,password:123456
[2020-03-31T16:41:52.325] [DEBUG] cheese - admin
[2020-03-31T16:41:52.331] [DEBUG] cheese - null
[2020-03-31T16:41:52.331] [DEBUG] cheese - null
[2020-03-31T16:42:03.367] [DEBUG] cheese - login => username:admin,password:123456
[2020-03-31T16:42:03.368] [DEBUG] cheese - admin
[2020-03-31T16:42:03.374] [DEBUG] cheese - null
[2020-03-31T16:42:03.374] [DEBUG] cheese - null
[2020-03-31T16:42:04.463] [DEBUG] cheese - login => username:admin,password:123456
[2020-03-31T16:42:04.463] [DEBUG] cheese - admin
[2020-03-31T16:42:04.468] [DEBUG] cheese - null
[2020-03-31T16:42:04.469] [DEBUG] cheese - null
[2020-03-31T16:42:51.083] [DEBUG] cheese - login => username:admin,password:123456
[2020-03-31T16:42:51.083] [DEBUG] cheese - admin
[2020-03-31T16:42:51.087] [DEBUG] cheese - null
[2020-03-31T16:42:51.088] [DEBUG] cheese - null
[2020-03-31T16:43:30.382] [DEBUG] cheese - login => username:admin,password:123456
[2020-03-31T16:43:30.382] [DEBUG] cheese - admin
[2020-03-31T16:43:30.385] [DEBUG] cheese - null
[2020-03-31T16:43:30.385] [DEBUG] cheese - null
[2020-03-31T16:43:38.823] [DEBUG] cheese - login => username:admin,password:123456
[2020-03-31T16:43:38.823] [DEBUG] cheese - admin
[2020-03-31T16:43:38.829] [DEBUG] cheese - null
[2020-03-31T16:43:38.829] [DEBUG] cheese - null
[2020-03-31T16:44:59.883] [DEBUG] cheese - login => username:admin,password:123456
[2020-03-31T16:44:59.883] [DEBUG] cheese - admin
[2020-03-31T16:44:59.886] [DEBUG] cheese - null
[2020-03-31T16:44:59.887] [DEBUG] cheese - null
[2020-03-31T17:32:21.756] [DEBUG] cheese - login => username:admin,password:123456
[2020-03-31T17:32:21.756] [DEBUG] cheese - admin
[2020-03-31T17:32:21.762] [DEBUG] cheese - null
[2020-03-31T17:32:21.763] [DEBUG] cheese - null
[2020-03-31T17:32:23.795] [DEBUG] cheese - login => username:admin,password:123456
[2020-03-31T17:32:23.795] [DEBUG] cheese - admin
[2020-03-31T17:32:23.799] [DEBUG] cheese - null
[2020-03-31T17:32:23.799] [DEBUG] cheese - null
[2020-03-31T17:32:57.060] [DEBUG] cheese - login => username:admin,password:123456
[2020-03-31T17:32:57.060] [DEBUG] cheese - admin
[2020-03-31T17:32:57.065] [DEBUG] cheese - null
[2020-03-31T17:32:57.065] [DEBUG] cheese - null
[2020-03-31T17:32:58.381] [DEBUG] cheese - login => username:admin,password:123456
[2020-03-31T17:32:58.381] [DEBUG] cheese - admin
[2020-03-31T17:32:58.386] [DEBUG] cheese - null
[2020-03-31T17:32:58.386] [DEBUG] cheese - null
[2020-03-31T17:33:02.681] [DEBUG] cheese - login => username:admin,password:123456
[2020-03-31T17:33:02.682] [DEBUG] cheese - admin
[2020-03-31T17:33:02.688] [DEBUG] cheese - null
[2020-03-31T17:33:02.688] [DEBUG] cheese - null
[2020-03-31T17:33:08.299] [DEBUG] cheese - login => username:admin,password:123456
[2020-03-31T17:33:08.299] [DEBUG] cheese - admin
[2020-03-31T17:33:08.309] [DEBUG] cheese - null
[2020-03-31T17:33:08.310] [DEBUG] cheese - null
[2020-03-31T17:33:09.801] [DEBUG] cheese - login => username:admin,password:123456
[2020-03-31T17:33:09.801] [DEBUG] cheese - admin
[2020-03-31T17:33:09.807] [DEBUG] cheese - null
[2020-03-31T17:33:09.807] [DEBUG] cheese - null
[2020-03-31T17:33:11.500] [DEBUG] cheese - login => username:admin,password:123456
[2020-03-31T17:33:11.500] [DEBUG] cheese - admin
[2020-03-31T17:33:11.509] [DEBUG] cheese - null
[2020-03-31T17:33:11.509] [DEBUG] cheese - null
[2020-03-31T17:33:12.242] [DEBUG] cheese - login => username:admin,password:123456
[2020-03-31T17:33:12.242] [DEBUG] cheese - admin
[2020-03-31T17:33:12.258] [DEBUG] cheese - null
[2020-03-31T17:33:12.258] [DEBUG] cheese - null
[2020-03-31T17:33:13.372] [DEBUG] cheese - login => username:admin,password:123456
[2020-03-31T17:33:13.372] [DEBUG] cheese - admin
[2020-03-31T17:33:13.381] [DEBUG] cheese - null
[2020-03-31T17:33:13.381] [DEBUG] cheese - null
[2020-03-31T17:33:21.040] [DEBUG] cheese - login => username:admin,password:123456
[2020-03-31T17:33:21.040] [DEBUG] cheese - admin
[2020-03-31T17:33:21.045] [DEBUG] cheese - null
[2020-03-31T17:33:21.045] [DEBUG] cheese - null
[2020-03-31T17:33:50.458] [DEBUG] cheese - login => username:admin,password:123456
[2020-03-31T17:33:50.458] [DEBUG] cheese - admin
[2020-03-31T17:33:50.466] [DEBUG] cheese - null
[2020-03-31T17:33:50.466] [DEBUG] cheese - null
[2020-03-31T17:39:21.584] [DEBUG] cheese - login => username:admin,password:123456
[2020-03-31T17:39:21.584] [DEBUG] cheese - admin
[2020-03-31T17:39:21.607] [DEBUG] cheese - null
[2020-03-31T17:39:21.607] [DEBUG] cheese - null
[2020-03-31T17:40:05.447] [DEBUG] cheese - login => username:admin,password:123456
[2020-03-31T17:40:05.447] [DEBUG] cheese - admin
[2020-03-31T17:40:05.452] [DEBUG] cheese - null
[2020-03-31T17:40:05.453] [DEBUG] cheese - null
[2020-03-31T17:40:56.997] [DEBUG] cheese - login => username:admin,password:123456
[2020-03-31T17:40:56.998] [DEBUG] cheese - admin
[2020-03-31T17:40:57.003] [DEBUG] cheese - null
[2020-03-31T17:40:57.003] [DEBUG] cheese - null
[2020-03-31T17:44:56.336] [DEBUG] cheese - login => username:admin,password:123456
[2020-03-31T17:44:56.336] [DEBUG] cheese - admin
[2020-03-31T17:44:56.340] [DEBUG] cheese - null
[2020-03-31T17:44:56.340] [DEBUG] cheese - null
[2020-03-31T18:02:48.191] [DEBUG] cheese - null
[2020-03-31T20:13:01.282] [DEBUG] cheese - login => username:admin,password:123456
[2020-03-31T20:13:01.285] [DEBUG] cheese - admin
[2020-03-31T20:13:01.291] [DEBUG] cheese - null
[2020-03-31T20:13:01.291] [DEBUG] cheese - null
[2020-04-01T20:19:14.044] [DEBUG] cheese - login => username:admin,password:123456
[2020-04-01T20:19:14.054] [DEBUG] cheese - admin
[2020-04-01T20:19:14.079] [DEBUG] cheese - null
[2020-04-01T20:19:14.080] [DEBUG] cheese - null
[2020-04-01T20:31:01.112] [DEBUG] cheese - null
[2020-04-02T09:15:47.221] [DEBUG] cheese - login => username:admin,password:123456
[2020-04-02T09:15:47.223] [DEBUG] cheese - admin
[2020-04-02T09:15:47.250] [DEBUG] cheese - null
[2020-04-02T09:15:47.251] [DEBUG] cheese - null
[2020-04-03T08:21:51.375] [DEBUG] cheese - login => username:admin,password:123456
[2020-04-03T08:21:51.377] [DEBUG] cheese - admin
[2020-04-03T08:21:51.409] [DEBUG] cheese - null
[2020-04-03T08:21:51.410] [DEBUG] cheese - null
[2020-04-03T08:39:51.088] [DEBUG] cheese - login => username:admin,password:123456
[2020-04-03T08:39:51.088] [DEBUG] cheese - admin
[2020-04-03T08:39:51.094] [DEBUG] cheese - null
[2020-04-03T08:39:51.094] [DEBUG] cheese - null
[2020-04-03T11:50:27.843] [DEBUG] cheese - login => username:admin,password:123456
[2020-04-03T11:50:27.845] [DEBUG] cheese - admin
[2020-04-03T11:50:27.860] [DEBUG] cheese - null
[2020-04-03T11:50:27.861] [DEBUG] cheese - null
[2020-04-03T12:31:14.565] [DEBUG] cheese - login => username:admin,password:123456
[2020-04-03T12:31:14.566] [DEBUG] cheese - admin
[2020-04-03T12:31:14.572] [DEBUG] cheese - null
[2020-04-03T12:31:14.573] [DEBUG] cheese - null
[2020-04-03T17:13:33.955] [DEBUG] cheese - login => username:admin,password:123456
[2020-04-03T17:13:33.959] [DEBUG] cheese - admin
[2020-04-03T17:13:33.996] [DEBUG] cheese - null
[2020-04-03T17:13:33.996] [DEBUG] cheese - null
[2020-04-03T21:32:51.293] [DEBUG] cheese - login => username:admin,password:123456
[2020-04-03T21:32:51.297] [DEBUG] cheese - admin
[2020-04-03T21:32:51.353] [DEBUG] cheese - null
[2020-04-03T21:32:51.353] [DEBUG] cheese - null
[2020-04-03T21:32:53.784] [DEBUG] cheese - login => username:admin,password:123456
[2020-04-03T21:32:53.785] [DEBUG] cheese - admin
[2020-04-03T21:32:53.793] [DEBUG] cheese - null
[2020-04-03T21:32:53.793] [DEBUG] cheese - null
[2020-04-03T21:33:05.319] [DEBUG] cheese - login => username:admin,password:123456
[2020-04-03T21:33:05.319] [DEBUG] cheese - admin
[2020-04-03T21:33:05.324] [DEBUG] cheese - null
[2020-04-03T21:33:05.324] [DEBUG] cheese - null
[2020-04-03T22:35:06.544] [DEBUG] cheese - login => username:admin,password:123456
[2020-04-03T22:35:06.545] [DEBUG] cheese - admin
[2020-04-03T22:35:06.556] [DEBUG] cheese - null
[2020-04-03T22:35:06.556] [DEBUG] cheese - null
[2020-04-04T13:05:07.647] [DEBUG] cheese - login => username:admin,password:123456
[2020-04-04T13:05:07.649] [DEBUG] cheese - admin
[2020-04-04T13:05:07.669] [DEBUG] cheese - null
[2020-04-04T13:05:07.670] [DEBUG] cheese - null
[2020-04-04T13:07:54.686] [DEBUG] cheese - login => username:admin,password:123456
[2020-04-04T13:07:54.688] [DEBUG] cheese - admin
[2020-04-04T13:07:54.694] [DEBUG] cheese - null
[2020-04-04T13:07:54.695] [DEBUG] cheese - null
[2020-04-04T13:08:04.273] [DEBUG] cheese - login => username:admin,password:123456
[2020-04-04T13:08:04.273] [DEBUG] cheese - admin
[2020-04-04T13:08:04.276] [DEBUG] cheese - null
[2020-04-04T13:08:04.276] [DEBUG] cheese - null
[2020-04-04T13:09:52.790] [DEBUG] cheese - login => username:admin,password:123456
[2020-04-04T13:09:52.791] [DEBUG] cheese - admin
[2020-04-04T13:09:52.797] [DEBUG] cheese - null
[2020-04-04T13:09:52.797] [DEBUG] cheese - null
[2020-04-04T14:37:16.264] [DEBUG] cheese - login => username:admin,password:123456
[2020-04-04T14:37:16.267] [DEBUG] cheese - admin
[2020-04-04T14:37:16.272] [DEBUG] cheese - null
[2020-04-04T14:37:16.273] [DEBUG] cheese - null
[2020-04-04T14:51:42.319] [DEBUG] cheese - login => username:admin,password:123456
[2020-04-04T14:51:42.319] [DEBUG] cheese - admin
[2020-04-04T14:51:42.322] [DEBUG] cheese - null
[2020-04-04T14:51:42.323] [DEBUG] cheese - null
[2020-04-05T14:47:52.859] [DEBUG] cheese - login => username:admin,password:123456
[2020-04-05T14:47:52.861] [DEBUG] cheese - admin
[2020-04-05T14:47:52.887] [DEBUG] cheese - null
[2020-04-05T14:47:52.888] [DEBUG] cheese - null
[2020-04-05T14:52:40.365] [DEBUG] cheese - login => username:admin,password:123456
[2020-04-05T14:52:40.365] [DEBUG] cheese - admin
[2020-04-05T14:52:40.370] [DEBUG] cheese - null
[2020-04-05T14:52:40.370] [DEBUG] cheese - null
[2020-04-05T20:27:55.822] [DEBUG] cheese - login => username:admin,password:123456
[2020-04-05T20:27:55.823] [DEBUG] cheese - admin
[2020-04-05T20:27:55.832] [DEBUG] cheese - null
[2020-04-05T20:27:55.832] [DEBUG] cheese - null
[2020-04-09T08:51:12.767] [DEBUG] cheese - login => username:admin,password:123456
[2020-04-09T08:51:12.770] [DEBUG] cheese - admin
[2020-04-09T08:51:12.790] [DEBUG] cheese - null
[2020-04-09T08:51:12.791] [DEBUG] cheese - null
[2020-04-09T16:55:11.223] [DEBUG] cheese - login => username:admin,password:123456
[2020-04-09T16:55:11.227] [DEBUG] cheese - admin
[2020-04-09T16:55:11.237] [DEBUG] cheese - null
[2020-04-09T16:55:11.237] [DEBUG] cheese - null
[2020-04-09T17:01:50.333] [DEBUG] cheese - login => username:admin,password:123456
[2020-04-09T17:01:50.333] [DEBUG] cheese - admin
[2020-04-09T17:01:50.337] [DEBUG] cheese - null
[2020-04-09T17:01:50.337] [DEBUG] cheese - null
[2020-04-09T17:02:09.032] [DEBUG] cheese - login => username:admin,password:123456
[2020-04-09T17:02:09.032] [DEBUG] cheese - admin
[2020-04-09T17:02:09.037] [DEBUG] cheese - null
[2020-04-09T17:02:09.038] [DEBUG] cheese - null
[2020-04-09T19:41:23.639] [DEBUG] cheese - login => username:admin,password:123456
[2020-04-09T19:41:23.639] [DEBUG] cheese - admin
[2020-04-09T19:41:23.645] [DEBUG] cheese - null
[2020-04-09T19:41:23.646] [DEBUG] cheese - null
[2020-04-10T15:56:49.009] [DEBUG] cheese - login => username:admin,password:123456
[2020-04-10T15:56:49.012] [DEBUG] cheese - admin
[2020-04-10T15:56:49.034] [DEBUG] cheese - null
[2020-04-10T15:56:49.036] [DEBUG] cheese - null
[2020-04-10T18:02:14.447] [DEBUG] cheese - login => username:admin,password:123456
[2020-04-10T18:02:14.448] [DEBUG] cheese - admin
[2020-04-10T18:02:14.460] [DEBUG] cheese - null
[2020-04-10T18:02:14.460] [DEBUG] cheese - null
[2020-04-10T18:52:33.228] [DEBUG] cheese - login => username:admin,password:123456
[2020-04-10T18:52:33.229] [DEBUG] cheese - admin
[2020-04-10T18:52:33.236] [DEBUG] cheese - null
[2020-04-10T18:52:33.236] [DEBUG] cheese - null
[2020-04-10T18:53:29.673] [DEBUG] cheese - login => username:admin,password:123456
[2020-04-10T18:53:29.673] [DEBUG] cheese - admin
[2020-04-10T18:53:29.679] [DEBUG] cheese - null
[2020-04-10T18:53:29.679] [DEBUG] cheese - null
[2020-04-10T18:54:39.158] [DEBUG] cheese - login => username:admin,password:123456
[2020-04-10T18:54:39.158] [DEBUG] cheese - admin
[2020-04-10T18:54:39.165] [DEBUG] cheese - null
[2020-04-10T18:54:39.166] [DEBUG] cheese - null
[2020-04-10T18:57:34.400] [DEBUG] cheese - login => username:admin,password:123456
[2020-04-10T18:57:34.401] [DEBUG] cheese - admin
[2020-04-10T18:57:34.406] [DEBUG] cheese - null
[2020-04-10T18:57:34.406] [DEBUG] cheese - null
[2020-04-10T19:03:29.515] [DEBUG] cheese - login => username:admin,password:123456
[2020-04-10T19:03:29.515] [DEBUG] cheese - admin
[2020-04-10T19:03:29.519] [DEBUG] cheese - null
[2020-04-10T19:03:29.520] [DEBUG] cheese - null
[2020-04-10T21:34:21.437] [DEBUG] cheese - login => username:admin,password:123456
[2020-04-10T21:34:21.439] [DEBUG] cheese - admin
[2020-04-10T21:34:21.482] [DEBUG] cheese - null
[2020-04-10T21:34:21.482] [DEBUG] cheese - null
[2020-04-10T21:36:05.551] [DEBUG] cheese - login => username:admin,password:123456
[2020-04-10T21:36:05.552] [DEBUG] cheese - admin
[2020-04-10T21:36:05.563] [DEBUG] cheese - null
[2020-04-10T21:36:05.563] [DEBUG] cheese - null
[2020-04-10T21:41:01.657] [DEBUG] cheese - login => username:admin,password:123456
[2020-04-10T21:41:01.657] [DEBUG] cheese - admin
[2020-04-10T21:41:01.665] [DEBUG] cheese - null
[2020-04-10T21:41:01.665] [DEBUG] cheese - null
[2020-08-26T13:25:05.252] [DEBUG] cheese - login => username:admin,password:123456
[2020-08-26T13:25:05.254] [DEBUG] cheese - admin
[2020-08-26T13:25:05.267] [DEBUG] cheese - null
[2020-08-26T13:25:05.268] [DEBUG] cheese - null
[2020-08-26T13:26:04.081] [DEBUG] cheese - login => username:admin,password:123456
[2020-08-26T13:26:04.081] [DEBUG] cheese - admin
[2020-08-26T13:26:04.087] [DEBUG] cheese - null
[2020-08-26T13:26:04.087] [DEBUG] cheese - null
[2020-08-26T13:27:34.009] [DEBUG] cheese - login => username:admin,password:123456
[2020-08-26T13:27:34.009] [DEBUG] cheese - admin
[2020-08-26T13:27:34.017] [DEBUG] cheese - null
[2020-08-26T13:27:34.017] [DEBUG] cheese - null
[2020-08-26T13:29:24.359] [DEBUG] cheese - login => username:admin,password:123456
[2020-08-26T13:29:24.360] [DEBUG] cheese - admin
[2020-08-26T13:29:24.365] [DEBUG] cheese - null
[2020-08-26T13:29:24.365] [DEBUG] cheese - null
[2020-08-26T13:30:38.902] [DEBUG] cheese - login => username:admin,password:123456
[2020-08-26T13:30:38.902] [DEBUG] cheese - admin
[2020-08-26T13:30:38.905] [DEBUG] cheese - null
[2020-08-26T13:30:38.905] [DEBUG] cheese - null
[2020-08-26T13:30:43.395] [DEBUG] cheese - login => username:admin,password:123456
[2020-08-26T13:30:43.395] [DEBUG] cheese - admin
[2020-08-26T13:30:43.401] [DEBUG] cheese - null
[2020-08-26T13:30:43.401] [DEBUG] cheese - null
[2020-08-26T13:31:01.663] [DEBUG] cheese - login => username:admin,password:123456
[2020-08-26T13:31:01.663] [DEBUG] cheese - admin
[2020-08-26T13:31:01.666] [DEBUG] cheese - null
[2020-08-26T13:31:01.666] [DEBUG] cheese - null
[2020-08-26T13:31:53.010] [DEBUG] cheese - login => username:admin,password:123456
[2020-08-26T13:31:53.010] [DEBUG] cheese - admin
[2020-08-26T13:31:53.017] [DEBUG] cheese - null
[2020-08-26T13:31:53.017] [DEBUG] cheese - null
[2020-08-26T13:39:49.817] [DEBUG] cheese - login => username:admin,password:123456
[2020-08-26T13:39:49.817] [DEBUG] cheese - admin
[2020-08-26T13:39:49.822] [DEBUG] cheese - null
[2020-08-26T13:39:49.822] [DEBUG] cheese - null
[2020-08-26T13:40:49.358] [DEBUG] cheese - login => username:admin,password:123456
[2020-08-26T13:40:49.358] [DEBUG] cheese - admin
[2020-08-26T13:40:49.364] [DEBUG] cheese - null
[2020-08-26T13:40:49.364] [DEBUG] cheese - null
[2020-08-26T13:41:00.633] [DEBUG] cheese - login => username:admin,password:123456
[2020-08-26T13:41:00.633] [DEBUG] cheese - admin
[2020-08-26T13:41:00.638] [DEBUG] cheese - null
[2020-08-26T13:41:00.638] [DEBUG] cheese - null
[2020-08-26T13:43:13.063] [DEBUG] cheese - login => username:admin,password:123456
[2020-08-26T13:43:13.063] [DEBUG] cheese - admin
[2020-08-26T13:43:13.078] [DEBUG] cheese - null
[2020-08-26T13:43:13.079] [DEBUG] cheese - null
[2020-08-26T13:45:25.353] [DEBUG] cheese - login => username:admin,password:123456
[2020-08-26T13:45:25.353] [DEBUG] cheese - admin
[2020-08-26T13:45:25.361] [DEBUG] cheese - null
[2020-08-26T13:45:25.361] [DEBUG] cheese - null
[2020-08-26T13:45:35.644] [DEBUG] cheese - login => username:admin,password:123456
[2020-08-26T13:45:35.645] [DEBUG] cheese - admin
[2020-08-26T13:45:35.655] [DEBUG] cheese - null
[2020-08-26T13:45:35.655] [DEBUG] cheese - null
[2020-08-26T13:45:36.753] [DEBUG] cheese - login => username:admin,password:123456
[2020-08-26T13:45:36.753] [DEBUG] cheese - admin
[2020-08-26T13:45:36.758] [DEBUG] cheese - null
[2020-08-26T13:45:36.758] [DEBUG] cheese - null
[2020-08-26T13:46:01.927] [DEBUG] cheese - login => username:admin,password:123456
[2020-08-26T13:46:01.927] [DEBUG] cheese - admin
[2020-08-26T13:46:01.932] [DEBUG] cheese - null
[2020-08-26T13:46:01.932] [DEBUG] cheese - null
[2020-08-26T13:49:04.920] [DEBUG] cheese - login => username:admin,password:123456
[2020-08-26T13:49:04.920] [DEBUG] cheese - admin
[2020-08-26T13:49:04.924] [DEBUG] cheese - null
[2020-08-26T13:49:04.924] [DEBUG] cheese - null
[2020-08-26T16:28:49.543] [DEBUG] cheese - login => username:admin,password:123456
[2020-08-26T16:28:49.544] [DEBUG] cheese - admin
[2020-08-26T16:28:49.549] [DEBUG] cheese - null
[2020-08-26T16:28:49.549] [DEBUG] cheese - null
[2020-08-26T17:06:23.927] [DEBUG] cheese - login => username:admin,password:123456
[2020-08-26T17:06:23.927] [DEBUG] cheese - admin
[2020-08-26T17:06:23.931] [DEBUG] cheese - null
[2020-08-26T17:06:23.931] [DEBUG] cheese - null
[2020-08-26T17:34:03.504] [DEBUG] cheese - login => username:admin,password:123456
[2020-08-26T17:34:03.506] [DEBUG] cheese - admin
[2020-08-26T17:34:03.540] [DEBUG] cheese - null
[2020-08-26T17:34:03.540] [DEBUG] cheese - null
[2020-08-26T17:37:00.821] [DEBUG] cheese - login => username:admin,password:123456
[2020-08-26T17:37:00.822] [DEBUG] cheese - admin
[2020-08-26T17:37:00.829] [DEBUG] cheese - null
[2020-08-26T17:37:00.829] [DEBUG] cheese - null
[2020-08-26T22:19:40.363] [DEBUG] cheese - login => username:admin,password:123456
[2020-08-26T22:19:40.364] [DEBUG] cheese - admin
[2020-08-26T22:19:40.379] [DEBUG] cheese - null
[2020-08-26T22:19:40.380] [DEBUG] cheese - null
[2020-08-26T22:27:33.150] [DEBUG] cheese - login => username:admin,password:123456
[2020-08-26T22:27:33.151] [DEBUG] cheese - admin
[2020-08-26T22:27:33.156] [DEBUG] cheese - null
[2020-08-26T22:27:33.157] [DEBUG] cheese - null
